生成启动时间为 2012-9-17 16:09:49。
     1>项目“f:\work\信息化矿灯\software\IcapLamp\IcapLampbase\IcapLampbase\IcapLampbase.vcxproj”在节点 2 上(build 个目标)。
     1>InitializeBuildStatus:
         正在对“Release\MineIcapLampBase.unsuccessfulbuild”执行 Touch 任务。
       ClCompile:
         所有输出均为最新。
         C:\Program Files\Microsoft Visual Studio 10.0\VC\bin\CL.exe /c /Zi /nologo /W3 /WX- /O2 /Oi /Oy- /GL /D WIN32 /D NDEBUG /D _CONSOLE /D _UNICODE /D UNICODE /Gm- /EHsc /MD /GS /Gy /fp:precise /Zc:wchar_t /Zc:forScope /Yu"StdAfx.h" /Fp"Release\MineIcapLampBase.pch" /Fo"Release\\" /Fd"Release\vc100.pdb" /Gd /TP /FIstdafx.h /analyze- /errorReport:prompt MIL_WorkersManage.cpp
         MIL_WorkersManage.cpp
       ManifestResourceCompile:
         所有输出均为最新。
       Link:
         C:\Program Files\Microsoft Visual Studio 10.0\VC\bin\link.exe /ERRORREPORT:PROMPT /OUT:"f:\work\信息化矿灯\software\IcapLamp\Release\MineIcapLampBase.exe" /INCREMENTAL /NOLOGO kernel32.lib user32.lib gdi32.lib winspool.lib comdlg32.lib advapi32.lib shell32.lib ole32.lib oleaut32.lib uuid.lib odbc32.lib odbccp32.lib /MANIFEST /ManifestFile:"Release\MineIcapLampBase.exe.intermediate.manifest" /MANIFESTUAC:"level='asInvoker' uiAccess='false'" /DEBUG /PDB:"f:\work\信息化矿灯\software\IcapLamp\Release\MineIcapLampBase.pdb" /SUBSYSTEM:CONSOLE /OPT:REF /OPT:ICF /LTCG /TLBID:1 /DYNAMICBASE /NXCOMPAT /IMPLIB:"f:\work\信息化矿灯\software\IcapLamp\Release\MineIcapLampBase.lib" /MACHINE:X86 Release\MineIcapLampBase.exe.embed.manifest.res
         Release\MIL_BaseObject.obj
         Release\MIL_Communicate.obj
         Release\MIL_Lamp.obj
         Release\MIL_Worker.obj
         Release\MIL_WorkersManage.obj
         Release\MineIcapLampBase.obj
         Release\stdafx.obj
     1>LINK : warning LNK4075: 忽略“/INCREMENTAL”(由于“/LTCG”规范)
         正在生成代码
         已完成代码的生成
       Manifest:
         C:\Program Files\Microsoft SDKs\Windows\v7.0A\bin\mt.exe /nologo /verbose /out:"Release\MineIcapLampBase.exe.embed.manifest" /manifest Release\MineIcapLampBase.exe.intermediate.manifest
         所有输出均为最新。
       LinkEmbedManifest:
         所有输出均为最新。
         IcapLampbase.vcxproj -> f:\work\信息化矿灯\software\IcapLamp\Release\MineIcapLampBase.exe
       FinalizeBuildStatus:
         正在删除文件“Release\MineIcapLampBase.unsuccessfulbuild”。
         正在对“Release\MineIcapLampBase.lastbuildstate”执行 Touch 任务。
     1>已完成生成项目“f:\work\信息化矿灯\software\IcapLamp\IcapLampbase\IcapLampbase\IcapLampbase.vcxproj”(build 个目标)的操作。

生成成功。

已用时间 00:00:02.45
