f:\work\信息化矿灯\software\IcapLamp\IcapLampbase\IcapLampbase\Release\cl.command.1.tlog
f:\work\信息化矿灯\software\IcapLamp\IcapLampbase\IcapLampbase\Release\CL.read.1.tlog
f:\work\信息化矿灯\software\IcapLamp\IcapLampbase\IcapLampbase\Release\CL.write.1.tlog
F:\WORK\信息化矿灯\SOFTWARE\ICAPLAMP\ICAPLAMPBASE\ICAPLAMPBASE\RELEASE\ICAPLAMPBASE.EXE.EMBED.MANIFEST
F:\WORK\信息化矿灯\SOFTWARE\ICAPLAMP\ICAPLAMPBASE\ICAPLAMPBASE\RELEASE\ICAPLAMPBASE.EXE.EMBED.MANIFEST.RES
F:\WORK\信息化矿灯\SOFTWARE\ICAPLAMP\ICAPLAMPBASE\ICAPLAMPBASE\RELEASE\ICAPLAMPBASE.EXE.INTERMEDIATE.MANIFEST
F:\WORK\信息化矿灯\SOFTWARE\ICAPLAMP\ICAPLAMPBASE\ICAPLAMPBASE\RELEASE\ICAPLAMPBASE.OBJ
f:\work\信息化矿灯\software\IcapLamp\IcapLampbase\IcapLampbase\Release\IcapLampbase.pch
f:\work\信息化矿灯\software\IcapLamp\IcapLampbase\IcapLampbase\Release\IcapLampbase_manifest.rc
f:\work\信息化矿灯\software\IcapLamp\IcapLampbase\IcapLampbase\Release\link.command.1.tlog
f:\work\信息化矿灯\software\IcapLamp\IcapLampbase\IcapLampbase\Release\link.read.1.tlog
f:\work\信息化矿灯\software\IcapLamp\IcapLampbase\IcapLampbase\Release\link.write.1.tlog
f:\work\信息化矿灯\software\IcapLamp\IcapLampbase\IcapLampbase\Release\link-cvtres.read.1.tlog
f:\work\信息化矿灯\software\IcapLamp\IcapLampbase\IcapLampbase\Release\link-cvtres.write.1.tlog
F:\WORK\信息化矿灯\SOFTWARE\ICAPLAMP\ICAPLAMPBASE\ICAPLAMPBASE\RELEASE\MIL_BASEOBJECT.OBJ
F:\WORK\信息化矿灯\SOFTWARE\ICAPLAMP\ICAPLAMPBASE\ICAPLAMPBASE\RELEASE\MIL_COMMUNICATE.OBJ
F:\WORK\信息化矿灯\SOFTWARE\ICAPLAMP\ICAPLAMPBASE\ICAPLAMPBASE\RELEASE\MIL_LAMP.OBJ
F:\WORK\信息化矿灯\SOFTWARE\ICAPLAMP\ICAPLAMPBASE\ICAPLAMPBASE\RELEASE\MIL_WORKER.OBJ
F:\WORK\信息化矿灯\SOFTWARE\ICAPLAMP\ICAPLAMPBASE\ICAPLAMPBASE\RELEASE\MIL_WORKERSMANAGE.OBJ
F:\WORK\信息化矿灯\SOFTWARE\ICAPLAMP\ICAPLAMPBASE\ICAPLAMPBASE\RELEASE\MINEICAPLAMPBASE.EXE.EMBED.MANIFEST
F:\WORK\信息化矿灯\SOFTWARE\ICAPLAMP\ICAPLAMPBASE\ICAPLAMPBASE\RELEASE\MINEICAPLAMPBASE.EXE.EMBED.MANIFEST.RES
F:\WORK\信息化矿灯\SOFTWARE\ICAPLAMP\ICAPLAMPBASE\ICAPLAMPBASE\RELEASE\MINEICAPLAMPBASE.EXE.INTERMEDIATE.MANIFEST
F:\WORK\信息化矿灯\SOFTWARE\ICAPLAMP\ICAPLAMPBASE\ICAPLAMPBASE\RELEASE\MINEICAPLAMPBASE.OBJ
F:\WORK\信息化矿灯\SOFTWARE\ICAPLAMP\ICAPLAMPBASE\ICAPLAMPBASE\RELEASE\MINEICAPLAMPBASE.PCH
f:\work\信息化矿灯\software\IcapLamp\IcapLampbase\IcapLampbase\Release\MineIcapLampBase_manifest.rc
F:\WORK\信息化矿灯\SOFTWARE\ICAPLAMP\ICAPLAMPBASE\ICAPLAMPBASE\RELEASE\MINELAMPBASE.EXE.EMBED.MANIFEST
F:\WORK\信息化矿灯\SOFTWARE\ICAPLAMP\ICAPLAMPBASE\ICAPLAMPBASE\RELEASE\MINELAMPBASE.EXE.EMBED.MANIFEST.RES
F:\WORK\信息化矿灯\SOFTWARE\ICAPLAMP\ICAPLAMPBASE\ICAPLAMPBASE\RELEASE\MINELAMPBASE.EXE.INTERMEDIATE.MANIFEST
F:\WORK\信息化矿灯\SOFTWARE\ICAPLAMP\ICAPLAMPBASE\ICAPLAMPBASE\RELEASE\MINELAMPBASE.OBJ
f:\work\信息化矿灯\software\IcapLamp\IcapLampbase\IcapLampbase\Release\MineLampBase.pch
f:\work\信息化矿灯\software\IcapLamp\IcapLampbase\IcapLampbase\Release\MineLampBase_manifest.rc
f:\work\信息化矿灯\software\IcapLamp\IcapLampbase\IcapLampbase\Release\mt.command.1.tlog
f:\work\信息化矿灯\software\IcapLamp\IcapLampbase\IcapLampbase\Release\mt.read.1.tlog
f:\work\信息化矿灯\software\IcapLamp\IcapLampbase\IcapLampbase\Release\mt.write.1.tlog
f:\work\信息化矿灯\software\IcapLamp\IcapLampbase\IcapLampbase\Release\rc.command.1.tlog
f:\work\信息化矿灯\software\IcapLamp\IcapLampbase\IcapLampbase\Release\rc.read.1.tlog
f:\work\信息化矿灯\software\IcapLamp\IcapLampbase\IcapLampbase\Release\rc.write.1.tlog
F:\WORK\信息化矿灯\SOFTWARE\ICAPLAMP\ICAPLAMPBASE\ICAPLAMPBASE\RELEASE\STDAFX.OBJ
F:\WORK\信息化矿灯\SOFTWARE\ICAPLAMP\ICAPLAMPBASE\ICAPLAMPBASE\RELEASE\VC100.PDB
F:\WORK\信息化矿灯\SOFTWARE\ICAPLAMP\RELEASE\ICAPLAMPBASE.EXE
F:\WORK\信息化矿灯\SOFTWARE\ICAPLAMP\RELEASE\ICAPLAMPBASE.PDB
F:\WORK\信息化矿灯\SOFTWARE\ICAPLAMP\RELEASE\MINEICAPLAMPBASE.EXE
F:\WORK\信息化矿灯\SOFTWARE\ICAPLAMP\RELEASE\MINEICAPLAMPBASE.PDB
F:\WORK\信息化矿灯\SOFTWARE\ICAPLAMP\RELEASE\MINELAMPBASE.EXE
F:\WORK\信息化矿灯\SOFTWARE\ICAPLAMP\RELEASE\MINELAMPBASE.PDB
